<?xml version="1.0" encoding="utf-8"?><testsuites><testsuite name="pytest" errors="0" failures="0" skipped="0" tests="3" time="19.358" timestamp="2024-08-08T16:12:32.638572-03:00" hostname="N5-do-Natan"><testcase classname="test_HomePage.TestHomePage" name="test_formSubmission[getData0]" time="5.467" /><testcase classname="test_HomePage.TestHomePage" name="test_formSubmission[getData1]" time="0.815" /><testcase classname="test_e2e.TestOne" name="test_e2e" time="13.023" /></testsuite></testsuites>